1511805168|index|test
1511805170|index|index.php
1511805172|contact|index.php
1511805173|about|index.php?id=contact
1511805176|info|index.php?id=about
1511805184|index|index.php
1511805185|log|index.php
1511805202|log|index.php?id=log
1511805204|index|index.php?id=log
1511805205|log|index.php
1511805206|log|index.php?id=log
1511805207|log|index.php?id=log
1511805821|log|index.php?id=log
1511805824|log|index.php?id=log
1511855455|index|
1511855457|log|mysite.local2
1511855461|index|index.php?id=log
1511856178|index|
1511873045|index|
1511873048|gbook|index.php
1511873076|gbook|index.php?id=gbook
1511873076|gbook|index.php?id=gbook
1511873870|gbook|index.php?id=gbook
1511874002|gbook|index.php?id=gbook
1511874099|gbook|index.php?id=gbook
1511874100|gbook|index.php?id=gbook
1511874102|gbook|index.php?id=gbook
1511874103|gbook|index.php?id=gbook
1511874107|index|index.php?id=gbook
1511874107|log|index.php
1511874110|gbook|index.php?id=log
1511874188|gbook|index.php?id=log
1511874195|gbook|index.php?id=gbook
1511874195|gbook|index.php?id=gbook
1511875414|gbook|index.php?id=gbook
